2026-02-03 10:10:51,214 - INFO - ===================KNN=======================
2026-02-03 10:10:51,214 - INFO - Accuracy: 0.6955287437899219
2026-02-03 10:10:51,215 - INFO - Confusion Matrix:
[[701 335]
 [ 94 279]]
2026-02-03 10:10:51,220 - INFO - Classification Report:
              precision    recall  f1-score   support

           0       0.88      0.68      0.77      1036
           1       0.45      0.75      0.57       373

    accuracy                           0.70      1409
   macro avg       0.67      0.71      0.67      1409
weighted avg       0.77      0.70      0.71      1409

2026-02-03 10:10:51,238 - INFO - AUC Score (KNN): 0.7754614054882152
2026-02-03 10:10:51,250 - INFO - ===================Naive Bayes=======================
2026-02-03 10:10:51,250 - INFO - Accuracy: 0.6678495386799148
2026-02-03 10:10:51,251 - INFO - Confusion Matrix:
[[606 430]
 [ 38 335]]
2026-02-03 10:10:51,255 - INFO - Classification Report:
              precision    recall  f1-score   support

           0       0.94      0.58      0.72      1036
           1       0.44      0.90      0.59       373

    accuracy                           0.67      1409
   macro avg       0.69      0.74      0.66      1409
weighted avg       0.81      0.67      0.69      1409

2026-02-03 10:10:51,257 - INFO - AUC Score (Naive Bayes): 0.839742461726376
2026-02-03 10:10:51,280 - INFO - ===================Logistic Regression=======================
2026-02-03 10:10:51,281 - INFO - Accuracy: 0.7579843860894251
2026-02-03 10:10:51,282 - INFO - Confusion Matrix:
[[760 276]
 [ 65 308]]
2026-02-03 10:10:51,286 - INFO - Classification Report:
              precision    recall  f1-score   support

           0       0.92      0.73      0.82      1036
           1       0.53      0.83      0.64       373

    accuracy                           0.76      1409
   macro avg       0.72      0.78      0.73      1409
weighted avg       0.82      0.76      0.77      1409

2026-02-03 10:10:51,287 - INFO - AUC Score (Logistic Regression): 0.8605613464862794
2026-02-03 10:10:51,333 - INFO - ===================Decision Tree=======================
2026-02-03 10:10:51,334 - INFO - Accuracy: 0.7295954577714692
2026-02-03 10:10:51,335 - INFO - Confusion Matrix:
[[821 215]
 [166 207]]
2026-02-03 10:10:51,339 - INFO - Classification Report:
              precision    recall  f1-score   support

           0       0.83      0.79      0.81      1036
           1       0.49      0.55      0.52       373

    accuracy                           0.73      1409
   macro avg       0.66      0.67      0.67      1409
weighted avg       0.74      0.73      0.73      1409

2026-02-03 10:10:51,340 - INFO - AUC Score (Decision Tree): 0.6737154139969155
2026-02-03 10:10:51,419 - INFO - ===================Random Forest=======================
2026-02-03 10:10:51,419 - INFO - Accuracy: 0.7885024840312278
2026-02-03 10:10:51,420 - INFO - Confusion Matrix:
[[915 121]
 [177 196]]
2026-02-03 10:10:51,424 - INFO - Classification Report:
              precision    recall  f1-score   support

           0       0.84      0.88      0.86      1036
           1       0.62      0.53      0.57       373

    accuracy                           0.79      1409
   macro avg       0.73      0.70      0.71      1409
weighted avg       0.78      0.79      0.78      1409

2026-02-03 10:10:51,427 - INFO - AUC Score (Random Forest): 0.8160407630917015
2026-02-03 10:10:51,503 - INFO - ===================AdaBoost=======================
2026-02-03 10:10:51,503 - INFO - Accuracy: 0.7494677075940384
2026-02-03 10:10:51,504 - INFO - Confusion Matrix:
[[749 287]
 [ 66 307]]
2026-02-03 10:10:51,508 - INFO - Classification Report:
              precision    recall  f1-score   support

           0       0.92      0.72      0.81      1036
           1       0.52      0.82      0.63       373

    accuracy                           0.75      1409
   macro avg       0.72      0.77      0.72      1409
weighted avg       0.81      0.75      0.76      1409

2026-02-03 10:10:51,510 - INFO - AUC Score (AdaBoost): 0.8245572267019987
2026-02-03 10:10:51,613 - INFO - ===================Gradient Boosting=======================
2026-02-03 10:10:51,613 - INFO - Accuracy: 0.730305180979418
2026-02-03 10:10:51,614 - INFO - Confusion Matrix:
[[710 326]
 [ 54 319]]
2026-02-03 10:10:51,618 - INFO - Classification Report:
              precision    recall  f1-score   support

           0       0.93      0.69      0.79      1036
           1       0.49      0.86      0.63       373

    accuracy                           0.73      1409
   macro avg       0.71      0.77      0.71      1409
weighted avg       0.81      0.73      0.75      1409

2026-02-03 10:10:51,619 - INFO - AUC Score (Gradient Boosting): 0.8444639104826772
2026-02-03 10:10:51,753 - INFO - ===================XGBoost=======================
2026-02-03 10:10:51,754 - INFO - Accuracy: 0.7821149751596878
2026-02-03 10:10:51,755 - INFO - Confusion Matrix:
[[896 140]
 [167 206]]
2026-02-03 10:10:51,761 - INFO - Classification Report:
              precision    recall  f1-score   support

           0       0.84      0.86      0.85      1036
           1       0.60      0.55      0.57       373

    accuracy                           0.78      1409
   macro avg       0.72      0.71      0.71      1409
weighted avg       0.78      0.78      0.78      1409

2026-02-03 10:10:51,764 - INFO - AUC Score (XGBoost): 0.833962601053754
2026-02-03 10:10:59,574 - INFO - ===================SVM=======================
2026-02-03 10:10:59,574 - INFO - Accuracy: 0.7764371894960965
2026-02-03 10:10:59,575 - INFO - Confusion Matrix:
[[819 217]
 [ 98 275]]
2026-02-03 10:10:59,579 - INFO - Classification Report:
              precision    recall  f1-score   support

           0       0.89      0.79      0.84      1036
           1       0.56      0.74      0.64       373

    accuracy                           0.78      1409
   macro avg       0.73      0.76      0.74      1409
weighted avg       0.80      0.78      0.79      1409

2026-02-03 10:10:59,911 - INFO - AUC Score (SVM): 0.843787199685323
2026-02-03 10:11:58,984 - INFO - ==============================================
2026-02-03 10:11:58,984 - INFO - Best Model Based on AUC: Logistic Regression
2026-02-03 10:11:58,985 - INFO - Best AUC Score: 0.8605613464862794
2026-02-03 10:11:58,985 - INFO - ==============================================
2026-02-03 10:11:58,985 - INFO - Starting Hyperparameter Tuning
2026-02-03 10:12:25,725 - INFO - Best Parameters for Logistic Regression: {'C': 100, 'max_iter': 100, 'penalty': 'l2', 'solver': 'liblinear'}
2026-02-03 10:12:25,725 - INFO - Tuned CV AUC Score: 0.8510581871498752
2026-02-03 10:12:25,781 - INFO - Final tuned model saved as best_model.pkl
